# JRE version: OpenJDK Runtime Environment (8.0_242-b01) (build 1.8.0_242-release-1644-b01)
# Java VM: OpenJDK 64-Bit Server VM (25.242-b01 mixed mode windows-amd64 compressed oops)
Heap:
 PSYoungGen      total 358912K, used 354954K [0x00000000d5580000, 0x00000000f3d00000, 0x0000000100000000)
  eden space 266752K, 100% used [0x00000000d5580000,0x00000000e5a00000,0x00000000e5a00000)
  from space 92160K, 95% used [0x00000000ec200000,0x00000000f1822888,0x00000000f1c00000)
  to   space 106496K, 43% used [0x00000000e5a00000,0x00000000e87a7410,0x00000000ec200000)
 ParOldGen       total 346624K, used 88811K [0x0000000080000000, 0x0000000095280000, 0x00000000d5580000)
  object space 346624K, 25% used [0x0000000080000000,0x00000000856bac78,0x0000000095280000)
 Metaspace       used 100552K, capacity 106322K, committed 106392K, reserved 1140736K
  class space    used 13172K, capacity 14199K, committed 14256K, reserved 1048576K
GC Heap History (10 events):
Event: 2605.147 GC heap after
Heap after GC invocations=24 (full 4):
 PSYoungGen      total 333312K, used 14697K [0x00000000d5580000, 0x00000000ee780000, 0x0000000100000000)
  eden space 274432K, 0% used [0x00000000d5580000,0x00000000d5580000,0x00000000e6180000)
  from space 58880K, 24% used [0x00000000eae00000,0x00000000ebc5a768,0x00000000ee780000)
  to   space 68608K, 0% used [0x00000000e6180000,0x00000000e6180000,0x00000000ea480000)
 ParOldGen       total 346624K, used 67468K [0x0000000080000000, 0x0000000095280000, 0x00000000d5580000)
  object space 346624K, 19% used [0x0000000080000000,0x00000000841e32f8,0x0000000095280000)
 Metaspace       used 98948K, capacity 103946K, committed 104216K, reserved 1138688K
  class space    used 13034K, capacity 13951K, committed 14128K, reserved 1048576K
}
Event: 2608.005 GC heap before
{Heap before GC invocations=25 (full 4):
 PSYoungGen      total 333312K, used 289129K [0x00000000d5580000, 0x00000000ee780000, 0x0000000100000000)
  eden space 274432K, 100% used [0x00000000d5580000,0x00000000e6180000,0x00000000e6180000)
  from space 58880K, 24% used [0x00000000eae00000,0x00000000ebc5a768,0x00000000ee780000)
  to   space 68608K, 0% used [0x00000000e6180000,0x00000000e6180000,0x00000000ea480000)
 ParOldGen       total 346624K, used 67468K [0x0000000080000000, 0x0000000095280000, 0x00000000d5580000)
  object space 346624K, 19% used [0x0000000080000000,0x00000000841e32f8,0x0000000095280000)
 Metaspace       used 99394K, capacity 104420K, committed 104728K, reserved 1140736K
  class space    used 13044K, capacity 13962K, committed 14128K, reserved 1048576K
Event: 2608.023 GC heap after
Heap after GC invocations=25 (full 4):
 PSYoungGen      total 288768K, used 21219K [0x00000000d5580000, 0x00000000ed980000, 0x0000000100000000)
  eden space 267264K, 0% used [0x00000000d5580000,0x00000000d5580000,0x00000000e5a80000)
  from space 21504K, 98% used [0x00000000e6180000,0x00000000e7638ea0,0x00000000e7680000)
  to   space 65024K, 0% used [0x00000000e9a00000,0x00000000e9a00000,0x00000000ed980000)
 ParOldGen       total 346624K, used 67476K [0x0000000080000000, 0x0000000095280000, 0x00000000d5580000)
  object space 346624K, 19% used [0x0000000080000000,0x00000000841e52f8,0x0000000095280000)
 Metaspace       used 99394K, capacity 104420K, committed 104728K, reserved 1140736K
  class space    used 13044K, capacity 13962K, committed 14128K, reserved 1048576K
}
Event: 2608.880 GC heap before
{Heap before GC invocations=26 (full 4):
 PSYoungGen      total 288768K, used 288474K [0x00000000d5580000, 0x00000000ed980000, 0x0000000100000000)
  eden space 267264K, 99% used [0x00000000d5580000,0x00000000e5a7da50,0x00000000e5a80000)
  from space 21504K, 98% used [0x00000000e6180000,0x00000000e7638ea0,0x00000000e7680000)
  to   space 65024K, 0% used [0x00000000e9a00000,0x00000000e9a00000,0x00000000ed980000)
 ParOldGen       total 346624K, used 67476K [0x0000000080000000, 0x0000000095280000, 0x00000000d5580000)
  object space 346624K, 19% used [0x0000000080000000,0x00000000841e52f8,0x0000000095280000)
 Metaspace       used 99552K, capacity 104616K, committed 104984K, reserved 1140736K
  class space    used 13057K, capacity 14004K, committed 14128K, reserved 1048576K
Event: 2608.922 GC heap after
Heap after GC invocations=26 (full 4):
 PSYoungGen      total 313344K, used 65016K [0x00000000d5580000, 0x00000000f2800000, 0x0000000100000000)
  eden space 248320K, 0% used [0x00000000d5580000,0x00000000d5580000,0x00000000e4800000)
  from space 65024K, 99% used [0x00000000e9a00000,0x00000000ed97e0e8,0x00000000ed980000)
  to   space 83968K, 0% used [0x00000000e4800000,0x00000000e4800000,0x00000000e9a00000)
 ParOldGen       total 346624K, used 88611K [0x0000000080000000, 0x0000000095280000, 0x00000000d5580000)
  object space 346624K, 25% used [0x0000000080000000,0x0000000085688c58,0x0000000095280000)
 Metaspace       used 99552K, capacity 104616K, committed 104984K, reserved 1140736K
  class space    used 13057K, capacity 14004K, committed 14128K, reserved 1048576K
}
Event: 2876.074 GC heap before
{Heap before GC invocations=27 (full 4):
 PSYoungGen      total 313344K, used 313336K [0x00000000d5580000, 0x00000000f2800000, 0x0000000100000000)
  eden space 248320K, 100% used [0x00000000d5580000,0x00000000e4800000,0x00000000e4800000)
  from space 65024K, 99% used [0x00000000e9a00000,0x00000000ed97e0e8,0x00000000ed980000)
  to   space 83968K, 0% used [0x00000000e4800000,0x00000000e4800000,0x00000000e9a00000)
 ParOldGen       total 346624K, used 88611K [0x0000000080000000, 0x0000000095280000, 0x00000000d5580000)
  object space 346624K, 25% used [0x0000000080000000,0x0000000085688c58,0x0000000095280000)
 Metaspace       used 99935K, capacity 105074K, committed 105240K, reserved 1140736K
  class space    used 13092K, capacity 14059K, committed 14128K, reserved 1048576K
Event: 2876.135 GC heap after
Heap after GC invocations=27 (full 4):
 PSYoungGen      total 332288K, used 67934K [0x00000000d5580000, 0x00000000f1c00000, 0x0000000100000000)
  eden space 248320K, 0% used [0x00000000d5580000,0x00000000d5580000,0x00000000e4800000)
  from space 83968K, 80% used [0x00000000e4800000,0x00000000e8a57ac0,0x00000000e9a00000)
  to   space 92160K, 0% used [0x00000000ec200000,0x00000000ec200000,0x00000000f1c00000)
 ParOldGen       total 346624K, used 88795K [0x0000000080000000, 0x0000000095280000, 0x00000000d5580000)
  object space 346624K, 25% used [0x0000000080000000,0x00000000856b6c78,0x0000000095280000)
 Metaspace       used 99935K, capacity 105074K, committed 105240K, reserved 1140736K
  class space    used 13092K, capacity 14059K, committed 14128K, reserved 1048576K
}
Event: 2878.534 GC heap before
{Heap before GC invocations=28 (full 4):
 PSYoungGen      total 332288K, used 316254K [0x00000000d5580000, 0x00000000f1c00000, 0x0000000100000000)
  eden space 248320K, 100% used [0x00000000d5580000,0x00000000e4800000,0x00000000e4800000)
  from space 83968K, 80% used [0x00000000e4800000,0x00000000e8a57ac0,0x00000000e9a00000)
  to   space 92160K, 0% used [0x00000000ec200000,0x00000000ec200000,0x00000000f1c00000)
 ParOldGen       total 346624K, used 88795K [0x0000000080000000, 0x0000000095280000, 0x00000000d5580000)
  object space 346624K, 25% used [0x0000000080000000,0x00000000856b6c78,0x0000000095280000)
 Metaspace       used 100507K, capacity 106228K, committed 106392K, reserved 1140736K
  class space    used 13170K, capacity 14196K, committed 14256K, reserved 1048576K
Event: 2878.595 GC heap after
Heap after GC invocations=28 (full 4):
 PSYoungGen      total 358912K, used 88202K [0x00000000d5580000, 0x00000000f3d00000, 0x0000000100000000)
  eden space 266752K, 0% used [0x00000000d5580000,0x00000000d5580000,0x00000000e5a00000)
  from space 92160K, 95% used [0x00000000ec200000,0x00000000f1822888,0x00000000f1c00000)
  to   space 106496K, 0% used [0x00000000e5a00000,0x00000000e5a00000,0x00000000ec200000)
 ParOldGen       total 346624K, used 88803K [0x0000000080000000, 0x0000000095280000, 0x00000000d5580000)
  object space 346624K, 25% used [0x0000000080000000,0x00000000856b8c78,0x0000000095280000)
 Metaspace       used 100507K, capacity 106228K, committed 106392K, reserved 1140736K
  class space    used 13170K, capacity 14196K, committed 14256K, reserved 1048576K
}
Event: 2907.362 GC heap before
{Heap before GC invocations=29 (full 4):
 PSYoungGen      total 358912K, used 354954K [0x00000000d5580000, 0x00000000f3d00000, 0x0000000100000000)
  eden space 266752K, 100% used [0x00000000d5580000,0x00000000e5a00000,0x00000000e5a00000)
  from space 92160K, 95% used [0x00000000ec200000,0x00000000f1822888,0x00000000f1c00000)
  to   space 106496K, 0% used [0x00000000e5a00000,0x00000000e5a00000,0x00000000ec200000)
 ParOldGen       total 346624K, used 88803K [0x0000000080000000, 0x0000000095280000, 0x00000000d5580000)
  object space 346624K, 25% used [0x0000000080000000,0x00000000856b8c78,0x0000000095280000)
 Metaspace       used 100552K, capacity 106322K, committed 106392K, reserved 1140736K
  class space    used 13172K, capacity 14199K, committed 14256K, reserved 1048576K

